<?xml version="1.0" encoding="UTF-8"?>
<!-- Generated by org.testng.reporters.JUnitReportReporter -->
<testsuite skipped="0" hostname="QB-TP3-2221" name="testcases.ManageExpensePage" tests="1" failures="0" timestamp="2022-11-13T19:33:43 IST" time="29.580" errors="0">
  <testcase name="imageuputilities" time="29.580" classname="testcases.ManageExpensePage"/>
  <system-out/>
</testsuite> <!-- testcases.ManageExpensePage -->
