<?xml version="1.0" encoding="UTF-8"?>
<!-- Generated by org.testng.reporters.JUnitReportReporter -->
<testsuite skipped="0" hostname="QB-TP3-2221" name="testcases.ManageordersPage" tests="2" failures="0" timestamp="2022-11-13T22:13:04 IST" time="31.006" errors="0">
  <testcase name="chkElementsStatus" time="8.074" classname="testcases.ManageordersPage"/>
  <system-out/>
  <testcase name="chkElementsStatus" time="22.932" classname="testcases.ManageordersPage"/>
  <system-out/>
</testsuite> <!-- testcases.ManageordersPage -->
