<?xml version="1.0" encoding="UTF-8"?>
<!-- Generated by org.testng.reporters.JUnitReportReporter -->
<testsuite skipped="0" hostname="DESKTOP-5OSSNT7" name="testcases.ManagePushNotificationPage" tests="1" failures="0" timestamp="2022-11-09T20:20:55 GMT-09:00" time="23.742" errors="0">
  <testcase name="testexcelmessageVerrification" time="23.742" classname="testcases.ManagePushNotificationPage"/>
  <system-out/>
</testsuite> <!-- testcases.ManagePushNotificationPage -->
